
SQL*Loader: Release 11.2.0.3.0 - Production on Wed Mar 13 09:10:03 2019

Copyright (c) 1982, 2011, Oracle and/or its affiliates.  All rights reserved.

Control File:   LOAD_BASE.ctl
Data File:      J:\GT-Marketing\Production Processes\Weekly\MDL - Models in Prod\PO Model Tranches\TRANCHE_TAB.csv
  Bad File:     TRANCHE_TAB.bad
  Discard File:  none specified
 
 (Allow all discards)

Number to load: ALL
Number to skip: 1
Errors allowed: 50
Bind array:     1000 rows, maximum of 20000000 bytes
Continuation:    none specified
Path used:      Conventional

Table MDL_PO_ANALYSIS_BASE, loaded from every logical record.
Insert option in effect for this table: TRUNCATE
TRAILING NULLCOLS option in effect

   Column Name                  Position   Len  Term Encl Datatype
------------------------------ ---------- ----- ---- ---- ---------------------
COL_CD                              FIRST     *   ,  O(") CHARACTER            
                                                      O(")
VAL_CD                               NEXT     *   ,  O(") CHARACTER            
                                                      O(")
TAB                                  NEXT     *   ,  O(") CHARACTER            
                                                      O(")
COL                                  NEXT     *   ,  O(") CHARACTER            
                                                      O(")
COLUMN_TYPE                          NEXT     *   ,  O(") CHARACTER            
                                                      O(")
OPRT                                 NEXT     *   ,  O(") CHARACTER            
                                                      O(")
VAL                                  NEXT     *   ,  O(") CHARACTER            
                                                      O(")
GRP                                  NEXT     *   ,  O(") CHARACTER            
                                                      O(")
ACTIVE_FLAG                          NEXT     *   ,  O(") CHARACTER            
                                                      O(")


Table MDL_PO_ANALYSIS_BASE:
  77 Rows successfully loaded.
  0 Rows not loaded due to data errors.
  0 Rows not loaded because all WHEN clauses were failed.
  0 Rows not loaded because all fields were null.


Space allocated for bind array:                2322000 bytes(1000 rows)
Read   buffer bytes:20000000

Total logical records skipped:          1
Total logical records read:            77
Total logical records rejected:         0
Total logical records discarded:        0

Run began on Wed Mar 13 09:10:03 2019
Run ended on Wed Mar 13 09:10:03 2019

Elapsed time was:     00:00:00.67
CPU time was:         00:00:00.08
